<?xml version="1.0" encoding="UTF-8"?>
<testsuite name="canopy.physics.nodes.PhysicsBody2DTests" tests="1" skipped="0" failures="0" errors="0" timestamp="2026-02-16T20:41:20.574Z" hostname="APOLLO" time="0.217">
  <properties/>
  <testcase name="fixture should add shape()" classname="canopy.physics.nodes.PhysicsBody2DTests" time="0.075"/>
  <system-out><![CDATA[[INFO] canopy.core.managers.ManagersRegistry - Bootstrapping managers[registered: 2]...
]]></system-out>
  <system-err><![CDATA[]]></system-err>
</testsuite>
